<?xml version="1.0" encoding="UTF-8"?>
<!-- Generated by org.testng.reporters.JUnitReportReporter -->
<testsuite hostname="DESKTOP-I23RP3R" failures="0" tests="1" name="Extentreports.AddScreenshotIntoReports" time="15.619" errors="0" timestamp="2025-07-29T13:52:41 IST" skipped="0">
  <testcase classname="Extentreports.AddScreenshotIntoReports" name="AddScreenshot" time="15.619"/>
</testsuite> <!-- Extentreports.AddScreenshotIntoReports -->
