<?xml version="1.0" encoding="UTF-8"?>
<!-- Generated by org.testng.reporters.JUnitReportReporter -->
<testsuite hostname="DESKTOP-I23RP3R" failures="0" tests="1" name="Bikes.KawasakiTest" time="16.168" errors="0" timestamp="2025-07-28T12:39:52 IST" skipped="0">
  <testcase classname="Bikes.KawasakiTest" name="lunch" time="16.168">
    <system-out>
      <![CDATA[Kawasaki launched]]>
    </system-out>
  </testcase> <!-- lunch -->
  <system-out>
    <![CDATA[Kawasaki launched]]>
  </system-out>
</testsuite> <!-- Bikes.KawasakiTest -->
