<?xml version="1.0" encoding="UTF-8"?>
<!-- Generated by org.testng.reporters.JUnitReportReporter -->
<testsuite hostname="DESKTOP-I23RP3R" failures="0" tests="1" name="Extentreports.LearnExtentReports" time="1.063" errors="0" timestamp="2025-07-29T13:28:51 IST" skipped="0">
  <testcase classname="Extentreports.LearnExtentReports" name="createReports" time="1.063"/>
</testsuite> <!-- Extentreports.LearnExtentReports -->
